16:14:04.558 [main] INFO  com.ruoyi.RuoYiApplication - Starting RuoYiApplication on DESKTOP-COBSCJH with PID 18572 (started by baiye in E:\SSM项目\RuoYi)
16:14:04.563 [main] DEBUG com.ruoyi.RuoYiApplication - Running with Spring Boot v1.5.10.RELEASE, Spring v4.3.14.RELEASE
16:14:04.564 [main] INFO  com.ruoyi.RuoYiApplication - The following profiles are active: druid
16:14:05.099 [main] WARN  o.s.boot.context.embedded.AnnotationConfigEmbeddedWebApplicationContext - Exception encountered during context initialization - cancelling refresh attempt: org.springframework.beans.factory.BeanDefinitionStoreException: Failed to process import candidates for configuration class [com.ruoyi.RuoYiApplication]; nested exception is java.lang.NoClassDefFoundError: org/springframework/boot/context/properties/bind/Binder
16:14:05.112 [main] ERROR org.springframework.boot.SpringApplication - Application startup failed
org.springframework.beans.factory.BeanDefinitionStoreException: Failed to process import candidates for configuration class [com.ruoyi.RuoYiApplication]; nested exception is java.lang.NoClassDefFoundError: org/springframework/boot/context/properties/bind/Binder
	at org.springframework.context.annotation.ConfigurationClassParser.processDeferredImportSelectors(ConfigurationClassParser.java:556)
	at org.springframework.context.annotation.ConfigurationClassParser.parse(ConfigurationClassParser.java:185)
	at org.springframework.context.annotation.ConfigurationClassPostProcessor.processConfigBeanDefinitions(ConfigurationClassPostProcessor.java:308)
	at org.springframework.context.annotation.ConfigurationClassPostProcessor.postProcessBeanDefinitionRegistry(ConfigurationClassPostProcessor.java:228)
	at org.springframework.context.support.PostProcessorRegistrationDelegate.invokeBeanDefinitionRegistryPostProcessors(PostProcessorRegistrationDelegate.java:272)
	at org.springframework.context.support.PostProcessorRegistrationDelegate.invokeBeanFactoryPostProcessors(PostProcessorRegistrationDelegate.java:92)
	at org.springframework.context.support.AbstractApplicationContext.invokeBeanFactoryPostProcessors(AbstractApplicationContext.java:687)
	at org.springframework.context.support.AbstractApplicationContext.refresh(AbstractApplicationContext.java:525)
	at org.springframework.boot.context.embedded.EmbeddedWebApplicationContext.refresh(EmbeddedWebApplicationContext.java:122)
	at org.springframework.boot.SpringApplication.refresh(SpringApplication.java:693)
	at org.springframework.boot.SpringApplication.refreshContext(SpringApplication.java:360)
	at org.springframework.boot.SpringApplication.run(SpringApplication.java:303)
	at org.springframework.boot.SpringApplication.run(SpringApplication.java:1118)
	at org.springframework.boot.SpringApplication.run(SpringApplication.java:1107)
	at com.ruoyi.RuoYiApplication.main(RuoYiApplication.java:21)
Caused by: java.lang.NoClassDefFoundError: org/springframework/boot/context/properties/bind/Binder
	at org.springframework.boot.autoconfigure.AutoConfigurationImportSelector.getExcludeAutoConfigurationsProperty(AutoConfigurationImportSelector.java:220)
	at org.springframework.boot.autoconfigure.AutoConfigurationImportSelector.getExclusions(AutoConfigurationImportSelector.java:214)
	at org.springframework.boot.autoconfigure.AutoConfigurationImportSelector.selectImports(AutoConfigurationImportSelector.java:99)
	at org.springframework.context.annotation.ConfigurationClassParser.processDeferredImportSelectors(ConfigurationClassParser.java:547)
	... 14 common frames omitted
Caused by: java.lang.ClassNotFoundException: org.springframework.boot.context.properties.bind.Binder
	at java.net.URLClassLoader.findClass(URLClassLoader.java:381)
	at java.lang.ClassLoader.loadClass(ClassLoader.java:424)
	at sun.misc.Launcher$AppClassLoader.loadClass(Launcher.java:338)
	at java.lang.ClassLoader.loadClass(ClassLoader.java:357)
	... 18 common frames omitted
16:15:12.645 [main] INFO  com.ruoyi.RuoYiApplication - Starting RuoYiApplication on DESKTOP-COBSCJH with PID 9284 (started by baiye in E:\SSM项目\RuoYi)
16:15:12.649 [main] DEBUG com.ruoyi.RuoYiApplication - Running with Spring Boot v1.5.10.RELEASE, Spring v4.3.14.RELEASE
16:15:12.649 [main] INFO  com.ruoyi.RuoYiApplication - The following profiles are active: druid
16:15:13.256 [main] WARN  o.s.boot.context.embedded.AnnotationConfigEmbeddedWebApplicationContext - Exception encountered during context initialization - cancelling refresh attempt: org.springframework.beans.factory.BeanDefinitionStoreException: Failed to process import candidates for configuration class [com.ruoyi.RuoYiApplication]; nested exception is java.lang.NoClassDefFoundError: org/springframework/boot/context/properties/bind/Binder
16:15:13.277 [main] ERROR org.springframework.boot.SpringApplication - Application startup failed
org.springframework.beans.factory.BeanDefinitionStoreException: Failed to process import candidates for configuration class [com.ruoyi.RuoYiApplication]; nested exception is java.lang.NoClassDefFoundError: org/springframework/boot/context/properties/bind/Binder
	at org.springframework.context.annotation.ConfigurationClassParser.processDeferredImportSelectors(ConfigurationClassParser.java:556)
	at org.springframework.context.annotation.ConfigurationClassParser.parse(ConfigurationClassParser.java:185)
	at org.springframework.context.annotation.ConfigurationClassPostProcessor.processConfigBeanDefinitions(ConfigurationClassPostProcessor.java:308)
	at org.springframework.context.annotation.ConfigurationClassPostProcessor.postProcessBeanDefinitionRegistry(ConfigurationClassPostProcessor.java:228)
	at org.springframework.context.support.PostProcessorRegistrationDelegate.invokeBeanDefinitionRegistryPostProcessors(PostProcessorRegistrationDelegate.java:272)
	at org.springframework.context.support.PostProcessorRegistrationDelegate.invokeBeanFactoryPostProcessors(PostProcessorRegistrationDelegate.java:92)
	at org.springframework.context.support.AbstractApplicationContext.invokeBeanFactoryPostProcessors(AbstractApplicationContext.java:687)
	at org.springframework.context.support.AbstractApplicationContext.refresh(AbstractApplicationContext.java:525)
	at org.springframework.boot.context.embedded.EmbeddedWebApplicationContext.refresh(EmbeddedWebApplicationContext.java:122)
	at org.springframework.boot.SpringApplication.refresh(SpringApplication.java:693)
	at org.springframework.boot.SpringApplication.refreshContext(SpringApplication.java:360)
	at org.springframework.boot.SpringApplication.run(SpringApplication.java:303)
	at org.springframework.boot.SpringApplication.run(SpringApplication.java:1118)
	at org.springframework.boot.SpringApplication.run(SpringApplication.java:1107)
	at com.ruoyi.RuoYiApplication.main(RuoYiApplication.java:21)
Caused by: java.lang.NoClassDefFoundError: org/springframework/boot/context/properties/bind/Binder
	at org.springframework.boot.autoconfigure.AutoConfigurationImportSelector.getExcludeAutoConfigurationsProperty(AutoConfigurationImportSelector.java:220)
	at org.springframework.boot.autoconfigure.AutoConfigurationImportSelector.getExclusions(AutoConfigurationImportSelector.java:214)
	at org.springframework.boot.autoconfigure.AutoConfigurationImportSelector.selectImports(AutoConfigurationImportSelector.java:99)
	at org.springframework.context.annotation.ConfigurationClassParser.processDeferredImportSelectors(ConfigurationClassParser.java:547)
	... 14 common frames omitted
Caused by: java.lang.ClassNotFoundException: org.springframework.boot.context.properties.bind.Binder
	at java.net.URLClassLoader.findClass(URLClassLoader.java:381)
	at java.lang.ClassLoader.loadClass(ClassLoader.java:424)
	at sun.misc.Launcher$AppClassLoader.loadClass(Launcher.java:338)
	at java.lang.ClassLoader.loadClass(ClassLoader.java:357)
	... 18 common frames omitted
16:18:04.542 [main] INFO  com.ruoyi.RuoYiApplication - Starting RuoYiApplication on DESKTOP-COBSCJH with PID 18188 (E:\SSM项目\RuoYi\target\classes started by baiye in E:\SSM项目\RuoYi)
16:18:04.546 [main] DEBUG com.ruoyi.RuoYiApplication - Running with Spring Boot v1.5.10.RELEASE, Spring v4.3.14.RELEASE
16:18:04.546 [main] INFO  com.ruoyi.RuoYiApplication - The following profiles are active: druid
16:18:05.289 [main] WARN  o.s.boot.context.embedded.AnnotationConfigEmbeddedWebApplicationContext - Exception encountered during context initialization - cancelling refresh attempt: org.springframework.beans.factory.BeanDefinitionStoreException: Failed to process import candidates for configuration class [com.ruoyi.RuoYiApplication]; nested exception is java.lang.NoClassDefFoundError: org/springframework/boot/context/properties/bind/Binder
16:18:05.301 [main] ERROR org.springframework.boot.SpringApplication - Application startup failed
org.springframework.beans.factory.BeanDefinitionStoreException: Failed to process import candidates for configuration class [com.ruoyi.RuoYiApplication]; nested exception is java.lang.NoClassDefFoundError: org/springframework/boot/context/properties/bind/Binder
	at org.springframework.context.annotation.ConfigurationClassParser.processDeferredImportSelectors(ConfigurationClassParser.java:556)
	at org.springframework.context.annotation.ConfigurationClassParser.parse(ConfigurationClassParser.java:185)
	at org.springframework.context.annotation.ConfigurationClassPostProcessor.processConfigBeanDefinitions(ConfigurationClassPostProcessor.java:308)
	at org.springframework.context.annotation.ConfigurationClassPostProcessor.postProcessBeanDefinitionRegistry(ConfigurationClassPostProcessor.java:228)
	at org.springframework.context.support.PostProcessorRegistrationDelegate.invokeBeanDefinitionRegistryPostProcessors(PostProcessorRegistrationDelegate.java:272)
	at org.springframework.context.support.PostProcessorRegistrationDelegate.invokeBeanFactoryPostProcessors(PostProcessorRegistrationDelegate.java:92)
	at org.springframework.context.support.AbstractApplicationContext.invokeBeanFactoryPostProcessors(AbstractApplicationContext.java:687)
	at org.springframework.context.support.AbstractApplicationContext.refresh(AbstractApplicationContext.java:525)
	at org.springframework.boot.context.embedded.EmbeddedWebApplicationContext.refresh(EmbeddedWebApplicationContext.java:122)
	at org.springframework.boot.SpringApplication.refresh(SpringApplication.java:693)
	at org.springframework.boot.SpringApplication.refreshContext(SpringApplication.java:360)
	at org.springframework.boot.SpringApplication.run(SpringApplication.java:303)
	at org.springframework.boot.SpringApplication.run(SpringApplication.java:1118)
	at org.springframework.boot.SpringApplication.run(SpringApplication.java:1107)
	at com.ruoyi.RuoYiApplication.main(RuoYiApplication.java:21)
	at sun.reflect.NativeMethodAccessorImpl.invoke0(Native Method)
	at sun.reflect.NativeMethodAccessorImpl.invoke(NativeMethodAccessorImpl.java:62)
	at sun.reflect.DelegatingMethodAccessorImpl.invoke(DelegatingMethodAccessorImpl.java:43)
	at java.lang.reflect.Method.invoke(Method.java:498)
	at org.springframework.boot.maven.AbstractRunMojo$LaunchRunner.run(AbstractRunMojo.java:527)
	at java.lang.Thread.run(Thread.java:748)
Caused by: java.lang.NoClassDefFoundError: org/springframework/boot/context/properties/bind/Binder
	at org.springframework.boot.autoconfigure.AutoConfigurationImportSelector.getExcludeAutoConfigurationsProperty(AutoConfigurationImportSelector.java:220)
	at org.springframework.boot.autoconfigure.AutoConfigurationImportSelector.getExclusions(AutoConfigurationImportSelector.java:214)
	at org.springframework.boot.autoconfigure.AutoConfigurationImportSelector.selectImports(AutoConfigurationImportSelector.java:99)
	at org.springframework.context.annotation.ConfigurationClassParser.processDeferredImportSelectors(ConfigurationClassParser.java:547)
	... 20 common frames omitted
Caused by: java.lang.ClassNotFoundException: org.springframework.boot.context.properties.bind.Binder
	at java.net.URLClassLoader.findClass(URLClassLoader.java:381)
	at java.lang.ClassLoader.loadClass(ClassLoader.java:424)
	at java.lang.ClassLoader.loadClass(ClassLoader.java:357)
	... 24 common frames omitted
16:18:50.719 [main] INFO  com.ruoyi.RuoYiApplication - Starting RuoYiApplication on DESKTOP-COBSCJH with PID 18920 (started by baiye in E:\SSM项目\RuoYi)
16:18:50.722 [main] DEBUG com.ruoyi.RuoYiApplication - Running with Spring Boot v1.5.10.RELEASE, Spring v4.3.14.RELEASE
16:18:50.722 [main] INFO  com.ruoyi.RuoYiApplication - The following profiles are active: druid
16:18:51.326 [main] WARN  o.s.boot.context.embedded.AnnotationConfigEmbeddedWebApplicationContext - Exception encountered during context initialization - cancelling refresh attempt: org.springframework.beans.factory.BeanDefinitionStoreException: Failed to process import candidates for configuration class [com.ruoyi.RuoYiApplication]; nested exception is java.lang.NoClassDefFoundError: org/springframework/boot/context/properties/bind/Binder
16:18:51.344 [main] ERROR org.springframework.boot.SpringApplication - Application startup failed
org.springframework.beans.factory.BeanDefinitionStoreException: Failed to process import candidates for configuration class [com.ruoyi.RuoYiApplication]; nested exception is java.lang.NoClassDefFoundError: org/springframework/boot/context/properties/bind/Binder
	at org.springframework.context.annotation.ConfigurationClassParser.processDeferredImportSelectors(ConfigurationClassParser.java:556)
	at org.springframework.context.annotation.ConfigurationClassParser.parse(ConfigurationClassParser.java:185)
	at org.springframework.context.annotation.ConfigurationClassPostProcessor.processConfigBeanDefinitions(ConfigurationClassPostProcessor.java:308)
	at org.springframework.context.annotation.ConfigurationClassPostProcessor.postProcessBeanDefinitionRegistry(ConfigurationClassPostProcessor.java:228)
	at org.springframework.context.support.PostProcessorRegistrationDelegate.invokeBeanDefinitionRegistryPostProcessors(PostProcessorRegistrationDelegate.java:272)
	at org.springframework.context.support.PostProcessorRegistrationDelegate.invokeBeanFactoryPostProcessors(PostProcessorRegistrationDelegate.java:92)
	at org.springframework.context.support.AbstractApplicationContext.invokeBeanFactoryPostProcessors(AbstractApplicationContext.java:687)
	at org.springframework.context.support.AbstractApplicationContext.refresh(AbstractApplicationContext.java:525)
	at org.springframework.boot.context.embedded.EmbeddedWebApplicationContext.refresh(EmbeddedWebApplicationContext.java:122)
	at org.springframework.boot.SpringApplication.refresh(SpringApplication.java:693)
	at org.springframework.boot.SpringApplication.refreshContext(SpringApplication.java:360)
	at org.springframework.boot.SpringApplication.run(SpringApplication.java:303)
	at org.springframework.boot.SpringApplication.run(SpringApplication.java:1118)
	at org.springframework.boot.SpringApplication.run(SpringApplication.java:1107)
	at com.ruoyi.RuoYiApplication.main(RuoYiApplication.java:21)
Caused by: java.lang.NoClassDefFoundError: org/springframework/boot/context/properties/bind/Binder
	at org.springframework.boot.autoconfigure.AutoConfigurationImportSelector.getExcludeAutoConfigurationsProperty(AutoConfigurationImportSelector.java:220)
	at org.springframework.boot.autoconfigure.AutoConfigurationImportSelector.getExclusions(AutoConfigurationImportSelector.java:214)
	at org.springframework.boot.autoconfigure.AutoConfigurationImportSelector.selectImports(AutoConfigurationImportSelector.java:99)
	at org.springframework.context.annotation.ConfigurationClassParser.processDeferredImportSelectors(ConfigurationClassParser.java:547)
	... 14 common frames omitted
Caused by: java.lang.ClassNotFoundException: org.springframework.boot.context.properties.bind.Binder
	at java.net.URLClassLoader.findClass(URLClassLoader.java:381)
	at java.lang.ClassLoader.loadClass(ClassLoader.java:424)
	at sun.misc.Launcher$AppClassLoader.loadClass(Launcher.java:338)
	at java.lang.ClassLoader.loadClass(ClassLoader.java:357)
	... 18 common frames omitted
16:20:20.467 [main] INFO  com.ruoyi.RuoYiApplication - Starting RuoYiApplication on DESKTOP-COBSCJH with PID 15948 (started by baiye in E:\SSM项目\RuoYi)
16:20:20.470 [main] DEBUG com.ruoyi.RuoYiApplication - Running with Spring Boot v1.5.10.RELEASE, Spring v4.3.14.RELEASE
16:20:20.470 [main] INFO  com.ruoyi.RuoYiApplication - The following profiles are active: druid
16:20:21.078 [main] WARN  o.s.boot.context.embedded.AnnotationConfigEmbeddedWebApplicationContext - Exception encountered during context initialization - cancelling refresh attempt: org.springframework.beans.factory.BeanDefinitionStoreException: Failed to process import candidates for configuration class [com.ruoyi.RuoYiApplication]; nested exception is java.lang.NoClassDefFoundError: org/springframework/boot/context/properties/bind/Binder
16:20:21.099 [main] ERROR org.springframework.boot.SpringApplication - Application startup failed
org.springframework.beans.factory.BeanDefinitionStoreException: Failed to process import candidates for configuration class [com.ruoyi.RuoYiApplication]; nested exception is java.lang.NoClassDefFoundError: org/springframework/boot/context/properties/bind/Binder
	at org.springframework.context.annotation.ConfigurationClassParser.processDeferredImportSelectors(ConfigurationClassParser.java:556)
	at org.springframework.context.annotation.ConfigurationClassParser.parse(ConfigurationClassParser.java:185)
	at org.springframework.context.annotation.ConfigurationClassPostProcessor.processConfigBeanDefinitions(ConfigurationClassPostProcessor.java:308)
	at org.springframework.context.annotation.ConfigurationClassPostProcessor.postProcessBeanDefinitionRegistry(ConfigurationClassPostProcessor.java:228)
	at org.springframework.context.support.PostProcessorRegistrationDelegate.invokeBeanDefinitionRegistryPostProcessors(PostProcessorRegistrationDelegate.java:272)
	at org.springframework.context.support.PostProcessorRegistrationDelegate.invokeBeanFactoryPostProcessors(PostProcessorRegistrationDelegate.java:92)
	at org.springframework.context.support.AbstractApplicationContext.invokeBeanFactoryPostProcessors(AbstractApplicationContext.java:687)
	at org.springframework.context.support.AbstractApplicationContext.refresh(AbstractApplicationContext.java:525)
	at org.springframework.boot.context.embedded.EmbeddedWebApplicationContext.refresh(EmbeddedWebApplicationContext.java:122)
	at org.springframework.boot.SpringApplication.refresh(SpringApplication.java:693)
	at org.springframework.boot.SpringApplication.refreshContext(SpringApplication.java:360)
	at org.springframework.boot.SpringApplication.run(SpringApplication.java:303)
	at org.springframework.boot.SpringApplication.run(SpringApplication.java:1118)
	at org.springframework.boot.SpringApplication.run(SpringApplication.java:1107)
	at com.ruoyi.RuoYiApplication.main(RuoYiApplication.java:21)
Caused by: java.lang.NoClassDefFoundError: org/springframework/boot/context/properties/bind/Binder
	at org.springframework.boot.autoconfigure.AutoConfigurationImportSelector.getExcludeAutoConfigurationsProperty(AutoConfigurationImportSelector.java:220)
	at org.springframework.boot.autoconfigure.AutoConfigurationImportSelector.getExclusions(AutoConfigurationImportSelector.java:214)
	at org.springframework.boot.autoconfigure.AutoConfigurationImportSelector.selectImports(AutoConfigurationImportSelector.java:99)
	at org.springframework.context.annotation.ConfigurationClassParser.processDeferredImportSelectors(ConfigurationClassParser.java:547)
	... 14 common frames omitted
Caused by: java.lang.ClassNotFoundException: org.springframework.boot.context.properties.bind.Binder
	at java.net.URLClassLoader.findClass(URLClassLoader.java:381)
	at java.lang.ClassLoader.loadClass(ClassLoader.java:424)
	at sun.misc.Launcher$AppClassLoader.loadClass(Launcher.java:338)
	at java.lang.ClassLoader.loadClass(ClassLoader.java:357)
	... 18 common frames omitted
16:48:35.909 [main] INFO  com.ruoyi.RuoYiApplication - Starting RuoYiApplication on DESKTOP-COBSCJH with PID 10236 (started by baiye in E:\SSM项目\RuoYi)
16:48:35.914 [main] DEBUG com.ruoyi.RuoYiApplication - Running with Spring Boot v1.5.1.RELEASE, Spring v4.3.6.RELEASE
16:48:35.914 [main] INFO  com.ruoyi.RuoYiApplication - The following profiles are active: druid
16:48:36.311 [background-preinit] INFO  org.hibernate.validator.internal.util.Version - HV000001: Hibernate Validator 5.3.4.Final
16:48:37.879 [main] INFO  org.apache.shiro.cache.ehcache.EhCacheManager - Cache with name 'com.ruoyi.framework.shiro.realm.UserRealm.authorizationCache' does not yet exist.  Creating now.
16:48:37.879 [main] INFO  org.apache.shiro.cache.ehcache.EhCacheManager - Added EhCache named [com.ruoyi.framework.shiro.realm.UserRealm.authorizationCache]
16:48:38.541 [main] INFO  com.alibaba.druid.pool.DruidDataSource - {dataSource-1} inited
16:48:39.358 [main] INFO  org.apache.shiro.cache.ehcache.EhCacheManager - Using existing EHCache named [loginRecordCache]
16:48:41.330 [main] INFO  org.apache.catalina.core.StandardService - Starting service Tomcat
16:48:41.334 [main] INFO  org.apache.catalina.core.StandardEngine - Starting Servlet Engine: Apache Tomcat/8.5.11
16:48:41.650 [localhost-startStop-1] INFO  org.apache.catalina.core.ContainerBase.[Tomcat].[localhost].[/] - Initializing Spring embedded WebApplicationContext
16:48:43.557 [main] INFO  org.quartz.impl.StdSchedulerFactory - Using default implementation for ThreadExecutor
16:48:43.595 [main] INFO  org.quartz.core.SchedulerSignalerImpl - Initialized Scheduler Signaller of type: class org.quartz.core.SchedulerSignalerImpl
16:48:43.595 [main] INFO  org.quartz.core.QuartzScheduler - Quartz Scheduler v.2.3.0 created.
16:48:43.621 [main] INFO  org.quartz.core.QuartzScheduler - Scheduler meta-data: Quartz Scheduler (v2.3.0) 'RuoyiScheduler' with instanceId 'DESKTOP-COBSCJH1525423723561'
  Scheduler class: 'org.quartz.core.QuartzScheduler' - running locally.
  NOT STARTED.
  Currently in standby mode.
  Number of jobs executed: 0
  Using thread pool 'org.quartz.simpl.SimpleThreadPool' - with 20 threads.
  Using job-store 'org.springframework.scheduling.quartz.LocalDataSourceJobStore' - which supports persistence. and is clustered.

16:48:43.622 [main] INFO  org.quartz.impl.StdSchedulerFactory - Quartz scheduler 'RuoyiScheduler' initialized from an externally provided properties instance.
16:48:43.624 [main] INFO  org.quartz.impl.StdSchedulerFactory - Quartz scheduler version: 2.3.0
16:48:43.629 [main] INFO  org.quartz.core.QuartzScheduler - JobFactory set to: org.springframework.scheduling.quartz.AdaptableJobFactory@66383c29
16:48:43.948 [main] DEBUG com.ruoyi.project.monitor.job.dao.IJobDao.selectJobAll - ==>  Preparing: SELECT job_id, job_name, job_group, method_name, params, cron_expression, status, create_by, create_time FROM sys_job 
16:48:44.057 [main] DEBUG com.ruoyi.project.monitor.job.dao.IJobDao.selectJobAll - ==> Parameters: 
16:48:44.081 [main] DEBUG com.ruoyi.project.monitor.job.dao.IJobDao.selectJobAll - <==      Total: 2
16:48:49.524 [main] INFO  org.apache.coyote.http11.Http11NioProtocol - Initializing ProtocolHandler ["http-nio-80"]
16:48:49.531 [main] INFO  org.apache.coyote.http11.Http11NioProtocol - Starting ProtocolHandler [http-nio-80]
16:48:49.545 [main] INFO  org.apache.tomcat.util.net.NioSelectorPool - Using a shared selector for servlet write/read
16:48:49.567 [main] INFO  com.ruoyi.RuoYiApplication - Started RuoYiApplication in 14.04 seconds (JVM running for 14.692)
16:48:50.579 [Quartz Scheduler [RuoyiScheduler]] INFO  org.quartz.core.QuartzScheduler - Scheduler RuoyiScheduler_$_DESKTOP-COBSCJH1525423723561 started.
16:49:40.254 [http-nio-80-exec-1] INFO  org.apache.catalina.core.ContainerBase.[Tomcat].[localhost].[/] - Initializing Spring FrameworkServlet 'dispatcherServlet'
16:49:40.352 [http-nio-80-exec-1] INFO  org.apache.shiro.session.mgt.AbstractValidatingSessionManager - Enabling session validation scheduler...
16:49:40.353 [http-nio-80-exec-1] DEBUG com.ruoyi.framework.shiro.web.session.SpringSessionValidationScheduler - Scheduling session validation job using Spring Scheduler with session validation interval of [600000]ms...
16:49:40.356 [http-nio-80-exec-1] DEBUG com.ruoyi.framework.shiro.web.session.SpringSessionValidationScheduler - Session validation job successfully scheduled with Spring Scheduler.
16:49:40.414 [http-nio-80-exec-1] INFO  org.apache.shiro.cache.ehcache.EhCacheManager - Using existing EHCache named [shiro-activeSessionCache]
16:49:40.535 [http-nio-80-exec-2] INFO  org.thymeleaf.TemplateEngine - [THYMELEAF] INITIALIZING TEMPLATE ENGINE
16:49:40.576 [http-nio-80-exec-2] INFO  org.thymeleaf.templateresolver.AbstractTemplateResolver - [THYMELEAF] INITIALIZING TEMPLATE RESOLVER: org.thymeleaf.spring4.templateresolver.SpringResourceTemplateResolver
16:49:40.577 [http-nio-80-exec-2] INFO  org.thymeleaf.templateresolver.AbstractTemplateResolver - [THYMELEAF] TEMPLATE RESOLVER INITIALIZED OK
16:49:40.579 [http-nio-80-exec-2] INFO  org.thymeleaf.messageresolver.AbstractMessageResolver - [THYMELEAF] INITIALIZING MESSAGE RESOLVER: org.thymeleaf.spring4.messageresolver.SpringMessageResolver
16:49:40.579 [http-nio-80-exec-2] INFO  org.thymeleaf.messageresolver.AbstractMessageResolver - [THYMELEAF] MESSAGE RESOLVER INITIALIZED OK
16:49:40.587 [http-nio-80-exec-2] INFO  org.thymeleaf.TemplateEngine.CONFIG - [THYMELEAF] TEMPLATE ENGINE CONFIGURATION:
[THYMELEAF] * Cache Factory implementation: org.thymeleaf.cache.StandardCacheManager
[THYMELEAF] * Template modes:
[THYMELEAF]     * LEGACYHTML5
[THYMELEAF]     * XHTML
[THYMELEAF]     * XML
[THYMELEAF]     * VALIDXHTML
[THYMELEAF]     * HTML5
[THYMELEAF]     * VALIDXML
[THYMELEAF] * Template resolvers (in order):
[THYMELEAF]     * org.thymeleaf.spring4.templateresolver.SpringResourceTemplateResolver
[THYMELEAF] * Message resolvers (in order):
[THYMELEAF]     * org.thymeleaf.spring4.messageresolver.SpringMessageResolver
[THYMELEAF] * Dialect [1 of 3]: org.thymeleaf.spring4.dialect.SpringStandardDialect
[THYMELEAF]     * Prefix: "th"
[THYMELEAF] * Dialect [2 of 3]: at.pollux.thymeleaf.shiro.dialect.ShiroDialect
[THYMELEAF]     * Prefix: "shiro"
[THYMELEAF] * Dialect [3 of 3]: nz.net.ultraq.thymeleaf.LayoutDialect
[THYMELEAF]     * Prefix: "layout"
[THYMELEAF] TEMPLATE ENGINE CONFIGURED OK
16:49:40.588 [http-nio-80-exec-2] INFO  org.thymeleaf.TemplateEngine - [THYMELEAF] TEMPLATE ENGINE INITIALIZED
16:49:41.358 [pool-1-thread-1] INFO  com.ruoyi.framework.shiro.web.session.OnlineWebSessionManager - invalidation sessions...
16:49:41.370 [pool-1-thread-1] DEBUG com.ruoyi.project.monitor.online.dao.IUserOnlineDao.selectOnlineByExpired - ==>  Preparing: SELECT * FROM sys_user_online o WHERE o.last_access_time <= ? ORDER BY o.last_access_time ASC 
16:49:41.373 [pool-1-thread-1] DEBUG com.ruoyi.project.monitor.online.dao.IUserOnlineDao.selectOnlineByExpired - ==> Parameters: 2018-05-04 16:19:41(String)
16:49:41.388 [pool-1-thread-1] DEBUG com.ruoyi.project.monitor.online.dao.IUserOnlineDao.selectOnlineByExpired - <==      Total: 1
16:49:41.391 [pool-1-thread-1] DEBUG com.ruoyi.project.monitor.online.dao.IUserOnlineDao.selectOnlineById - ==>  Preparing: select * from sys_user_online where sessionid = ? 
16:49:41.393 [pool-1-thread-1] DEBUG com.ruoyi.project.monitor.online.dao.IUserOnlineDao.selectOnlineById - ==> Parameters: c3b252c3-2229-4be4-a5f7-7aba4b0c314c(String)
16:49:41.396 [pool-1-thread-1] DEBUG com.ruoyi.project.monitor.online.dao.IUserOnlineDao.selectOnlineById - <==      Total: 1
16:49:41.397 [pool-1-thread-1] DEBUG com.ruoyi.framework.shiro.web.session.OnlineWebSessionManager - Invalidated session with id [c3b252c3-2229-4be4-a5f7-7aba4b0c314c] (stopped)
16:49:41.399 [pool-1-thread-1] DEBUG com.ruoyi.project.monitor.online.dao.IUserOnlineDao.selectOnlineById - ==>  Preparing: select * from sys_user_online where sessionid = ? 
16:49:41.399 [pool-1-thread-1] DEBUG com.ruoyi.project.monitor.online.dao.IUserOnlineDao.selectOnlineById - ==> Parameters: c3b252c3-2229-4be4-a5f7-7aba4b0c314c(String)
16:49:41.403 [pool-1-thread-1] DEBUG com.ruoyi.project.monitor.online.dao.IUserOnlineDao.selectOnlineById - <==      Total: 1
16:49:41.405 [pool-1-thread-1] DEBUG com.ruoyi.project.monitor.online.dao.IUserOnlineDao.deleteOnlineById - ==>  Preparing: delete from sys_user_online where sessionId = ? 
16:49:41.410 [pool-1-thread-1] DEBUG com.ruoyi.project.monitor.online.dao.IUserOnlineDao.deleteOnlineById - ==> Parameters: c3b252c3-2229-4be4-a5f7-7aba4b0c314c(String)
16:49:41.415 [pool-1-thread-1] DEBUG com.ruoyi.project.monitor.online.dao.IUserOnlineDao.deleteOnlineById - <==    Updates: 1
16:49:41.416 [pool-1-thread-1] INFO  com.ruoyi.framework.shiro.web.session.OnlineWebSessionManager - Finished invalidation session. [1] sessions were stopped.
16:49:52.963 [http-nio-80-exec-10] DEBUG com.ruoyi.project.system.user.dao.IUserDao.selectUserByName - ==>  Preparing: select u.user_id, u.dept_id, u.login_name, u.user_name, u.email, u.phonenumber, u.password, u.salt, u.status, u.refuse_des, u.create_time, d.dept_id, d.parent_id, d.dept_name, d.order_num, d.status as dept_status from sys_user u left join sys_dept d on u.dept_id = d.dept_id left join sys_user_role ur on u.user_id = ur.user_id where u.login_name = ? 
16:49:52.967 [http-nio-80-exec-10] DEBUG com.ruoyi.project.system.user.dao.IUserDao.selectUserByName - ==> Parameters: admin(String)
16:49:52.989 [http-nio-80-exec-10] DEBUG com.ruoyi.project.system.user.dao.IUserDao.selectUserByName - <==      Total: 1
16:49:53.002 [http-nio-80-exec-10] INFO  sys-user - [0:0:0:0:0:0:0:1][admin][Success][登录成功]
16:49:53.005 [http-nio-80-exec-10] DEBUG com.ruoyi.project.monitor.logininfor.dao.ILogininforDao.insertLogininfor - ==>  Preparing: insert into sys_logininfor (login_name, status, ipaddr, browser, os, msg) values (?, ?, ?, ?, ?, ?) 
16:49:53.007 [http-nio-80-exec-10] DEBUG com.ruoyi.project.monitor.logininfor.dao.ILogininforDao.insertLogininfor - ==> Parameters: admin(String), 0(String), 0:0:0:0:0:0:0:1(String), Chrome(String), Windows 10(String), 登录成功(String)
16:49:53.017 [http-nio-80-exec-10] DEBUG com.ruoyi.project.monitor.logininfor.dao.ILogininforDao.insertLogininfor - <==    Updates: 1
16:49:53.101 [http-nio-80-exec-8] DEBUG com.ruoyi.project.system.menu.dao.IMenuDao.selectMenusByUserId - ==>  Preparing: select distinct m.menu_id, m.parent_id, m.menu_name, m.url, m.perms , m.menu_type, m.icon, m.order_num, m.create_time from sys_menu m left join sys_role_menu rm on m.menu_id = rm.menu_id left join sys_user_role ur on rm.role_id = ur.role_id where ur.user_id = ? and m.menu_type in ('M', 'C') and m.visible = 0 order by m.order_num 
16:49:53.102 [http-nio-80-exec-8] DEBUG com.ruoyi.project.system.menu.dao.IMenuDao.selectMenusByUserId - ==> Parameters: 1(Long)
16:49:53.130 [http-nio-80-exec-8] DEBUG com.ruoyi.project.system.menu.dao.IMenuDao.selectMenusByUserId - <==      Total: 17
16:49:53.213 [http-nio-80-exec-5] DEBUG com.ruoyi.project.monitor.online.dao.IUserOnlineDao.saveOnline - ==>  Preparing: replace into sys_user_online(sessionId, login_name, dept_name, ipaddr, browser, os, status, start_timestsamp, last_access_time, expire_time) values (?, ?, ?, ?, ?, ?, ?, ?, ?, ?) 
16:49:53.231 [http-nio-80-exec-5] DEBUG com.ruoyi.project.monitor.online.dao.IUserOnlineDao.saveOnline - ==> Parameters: 3df751fc-059d-4521-86ec-756a89cc515a(String), admin(String), 研发一部(String), 0:0:0:0:0:0:0:1(String), Chrome(String), Windows 10(String), on_line(String), 2018-05-04 16:49:40.377(Timestamp), 2018-05-04 16:49:53.212(Timestamp), 1800000(Long)
16:49:53.242 [http-nio-80-exec-5] DEBUG com.ruoyi.project.monitor.online.dao.IUserOnlineDao.saveOnline - <==    Updates: 1
16:51:09.397 [http-nio-80-exec-7] DEBUG com.ruoyi.project.monitor.online.dao.IUserOnlineDao.saveOnline - ==>  Preparing: replace into sys_user_online(sessionId, login_name, dept_name, ipaddr, browser, os, status, start_timestsamp, last_access_time, expire_time) values (?, ?, ?, ?, ?, ?, ?, ?, ?, ?) 
16:51:09.402 [http-nio-80-exec-7] DEBUG com.ruoyi.project.monitor.online.dao.IUserOnlineDao.saveOnline - ==> Parameters: 3df751fc-059d-4521-86ec-756a89cc515a(String), admin(String), 研发一部(String), 0:0:0:0:0:0:0:1(String), Chrome(String), Windows 10(String), on_line(String), 2018-05-04 16:49:40.377(Timestamp), 2018-05-04 16:51:09.395(Timestamp), 1800000(Long)
16:51:09.410 [http-nio-80-exec-7] DEBUG com.ruoyi.project.monitor.online.dao.IUserOnlineDao.saveOnline - <==    Updates: 2
16:51:09.428 [http-nio-80-exec-7] DEBUG com.ruoyi.project.system.role.dao.IRoleDao.selectRolesByUserId - ==>  Preparing: SELECT r.role_id, r.role_name, r.role_key FROM sys_user u LEFT JOIN sys_user_role ur ON u.user_id = ur.user_id LEFT JOIN sys_role r ON ur.role_id = r.role_id WHERE ur.user_id = ? 
16:51:09.431 [http-nio-80-exec-7] DEBUG com.ruoyi.project.system.role.dao.IRoleDao.selectRolesByUserId - ==> Parameters: 1(Long)
16:51:09.444 [http-nio-80-exec-7] DEBUG com.ruoyi.project.system.role.dao.IRoleDao.selectRolesByUserId - <==      Total: 1
16:51:09.446 [http-nio-80-exec-7] DEBUG com.ruoyi.project.system.menu.dao.IMenuDao.selectPermsByUserId - ==>  Preparing: select distinct m.perms from sys_menu m left join sys_role_menu rm on m.menu_id = rm.menu_id left join sys_user_role ur on rm.role_id = ur.role_id where ur.user_id = ? 
16:51:09.449 [http-nio-80-exec-7] DEBUG com.ruoyi.project.system.menu.dao.IMenuDao.selectPermsByUserId - ==> Parameters: 1(Long)
16:51:09.456 [http-nio-80-exec-7] DEBUG com.ruoyi.project.system.menu.dao.IMenuDao.selectPermsByUserId - <==      Total: 67
16:51:09.822 [http-nio-80-exec-3] DEBUG com.ruoyi.project.system.dept.dao.IDeptDao.selectDeptAll - ==>  Preparing: select dept_id, parent_id, dept_name, order_num, leader, phone, email, status, create_by, create_time from sys_dept 
16:51:09.824 [http-nio-80-exec-3] DEBUG com.ruoyi.project.system.dept.dao.IDeptDao.selectDeptAll - ==> Parameters: 
16:51:09.828 [http-nio-80-exec-3] DEBUG com.ruoyi.project.system.dept.dao.IDeptDao.selectDeptAll - <==      Total: 10
16:51:15.787 [http-nio-80-exec-10] DEBUG com.ruoyi.project.system.dept.dao.IDeptDao.selectDeptById - ==>  Preparing: select t.dept_id, t.parent_id, t.dept_name, t.order_num, t.leader, t.phone, t.email, t.status, (select dept_name from sys_dept where dept_id = t.parent_id) parent_name from sys_dept t where dept_id = ? 
16:51:15.788 [http-nio-80-exec-10] DEBUG com.ruoyi.project.system.dept.dao.IDeptDao.selectDeptById - ==> Parameters: 107(Long)
16:51:15.797 [http-nio-80-exec-10] DEBUG com.ruoyi.project.system.dept.dao.IDeptDao.selectDeptById - <==      Total: 1
16:51:15.854 [http-nio-80-exec-10] DEBUG com.ruoyi.project.monitor.operlog.dao.IOperLogDao.insertOperlog - ==>  Preparing: insert into sys_oper_log(title, action, method, channel, login_name, dept_name, oper_url, oper_ip, oper_param, status, error_msg) values (?, ?, ?, ?, ?, ?, ?, ?, ?, ?, ?) 
16:51:15.855 [http-nio-80-exec-10] DEBUG com.ruoyi.project.monitor.operlog.dao.IOperLogDao.insertOperlog - ==> Parameters: 系统管理(String), 部门管理-新增部门(String), com.ruoyi.project.system.dept.controller.DeptController.add()(String), web(String), admin(String), 研发一部(String), /system/dept/add/107(String), 0:0:0:0:0:0:0:1(String), {}(String), 0(Integer), null
16:51:15.864 [http-nio-80-exec-10] DEBUG com.ruoyi.project.monitor.operlog.dao.IOperLogDao.insertOperlog - <==    Updates: 1
16:51:27.392 [http-nio-80-exec-7] DEBUG com.ruoyi.project.system.menu.dao.IMenuDao.selectMenusByUserId - ==>  Preparing: select distinct m.menu_id, m.parent_id, m.menu_name, m.url, m.perms , m.menu_type, m.icon, m.order_num, m.create_time from sys_menu m left join sys_role_menu rm on m.menu_id = rm.menu_id left join sys_user_role ur on rm.role_id = ur.role_id where ur.user_id = ? and m.menu_type in ('M', 'C') and m.visible = 0 order by m.order_num 
16:51:27.393 [http-nio-80-exec-7] DEBUG com.ruoyi.project.system.menu.dao.IMenuDao.selectMenusByUserId - ==> Parameters: 1(Long)
16:51:27.401 [http-nio-80-exec-7] DEBUG com.ruoyi.project.system.menu.dao.IMenuDao.selectMenusByUserId - <==      Total: 17
16:51:50.266 [background-preinit] INFO  org.hibernate.validator.internal.util.Version - HV000001: Hibernate Validator 5.3.4.Final
16:51:50.334 [main] INFO  com.ruoyi.RuoYiApplication - Starting RuoYiApplication on DESKTOP-COBSCJH with PID 2368 (started by baiye in E:\SSM项目\RuoYi)
16:51:50.334 [main] DEBUG com.ruoyi.RuoYiApplication - Running with Spring Boot v1.5.1.RELEASE, Spring v4.3.6.RELEASE
16:51:50.335 [main] INFO  com.ruoyi.RuoYiApplication - The following profiles are active: druid
16:51:55.350 [main] INFO  org.apache.shiro.cache.ehcache.EhCacheManager - Cache with name 'com.ruoyi.framework.shiro.realm.UserRealm.authorizationCache' does not yet exist.  Creating now.
16:51:55.351 [main] INFO  org.apache.shiro.cache.ehcache.EhCacheManager - Added EhCache named [com.ruoyi.framework.shiro.realm.UserRealm.authorizationCache]
16:51:57.028 [main] INFO  com.alibaba.druid.pool.DruidDataSource - {dataSource-1} inited
16:51:58.112 [main] INFO  org.apache.shiro.cache.ehcache.EhCacheManager - Using existing EHCache named [loginRecordCache]
16:52:01.232 [main] INFO  org.apache.catalina.core.StandardService - Starting service Tomcat
16:52:01.235 [main] INFO  org.apache.catalina.core.StandardEngine - Starting Servlet Engine: Apache Tomcat/8.5.11
16:52:01.748 [localhost-startStop-1] INFO  org.apache.catalina.core.ContainerBase.[Tomcat].[localhost].[/] - Initializing Spring embedded WebApplicationContext
16:52:04.186 [main] INFO  org.quartz.impl.StdSchedulerFactory - Using default implementation for ThreadExecutor
16:52:04.280 [main] INFO  org.quartz.core.SchedulerSignalerImpl - Initialized Scheduler Signaller of type: class org.quartz.core.SchedulerSignalerImpl
16:52:04.281 [main] INFO  org.quartz.core.QuartzScheduler - Quartz Scheduler v.2.3.0 created.
16:52:04.324 [main] INFO  org.quartz.core.QuartzScheduler - Scheduler meta-data: Quartz Scheduler (v2.3.0) 'RuoyiScheduler' with instanceId 'DESKTOP-COBSCJH1525423924193'
  Scheduler class: 'org.quartz.core.QuartzScheduler' - running locally.
  NOT STARTED.
  Currently in standby mode.
  Number of jobs executed: 0
  Using thread pool 'org.quartz.simpl.SimpleThreadPool' - with 20 threads.
  Using job-store 'org.springframework.scheduling.quartz.LocalDataSourceJobStore' - which supports persistence. and is clustered.

16:52:04.325 [main] INFO  org.quartz.impl.StdSchedulerFactory - Quartz scheduler 'RuoyiScheduler' initialized from an externally provided properties instance.
16:52:04.325 [main] INFO  org.quartz.impl.StdSchedulerFactory - Quartz scheduler version: 2.3.0
16:52:04.329 [main] INFO  org.quartz.core.QuartzScheduler - JobFactory set to: org.springframework.scheduling.quartz.AdaptableJobFactory@2c4a4229
16:52:04.602 [main] DEBUG com.ruoyi.project.monitor.job.dao.IJobDao.selectJobAll - ==>  Preparing: SELECT job_id, job_name, job_group, method_name, params, cron_expression, status, create_by, create_time FROM sys_job 
16:52:05.057 [main] DEBUG com.ruoyi.project.monitor.job.dao.IJobDao.selectJobAll - ==> Parameters: 
16:52:05.126 [main] DEBUG com.ruoyi.project.monitor.job.dao.IJobDao.selectJobAll - <==      Total: 2
16:52:16.440 [main] INFO  org.apache.coyote.http11.Http11NioProtocol - Initializing ProtocolHandler ["http-nio-80"]
16:52:16.470 [main] INFO  org.apache.coyote.http11.Http11NioProtocol - Starting ProtocolHandler [http-nio-80]
16:52:16.534 [main] INFO  org.apache.tomcat.util.net.NioSelectorPool - Using a shared selector for servlet write/read
16:52:16.675 [main] INFO  com.ruoyi.RuoYiApplication - Started RuoYiApplication in 27.493 seconds (JVM running for 36.882)
16:52:17.497 [Quartz Scheduler [RuoyiScheduler]] INFO  org.quartz.core.QuartzScheduler - Scheduler RuoyiScheduler_$_DESKTOP-COBSCJH1525423924193 started.
16:59:30.139 [http-nio-80-exec-1] INFO  org.apache.catalina.core.ContainerBase.[Tomcat].[localhost].[/] - Initializing Spring FrameworkServlet 'dispatcherServlet'
16:59:30.473 [http-nio-80-exec-1] INFO  org.apache.shiro.session.mgt.AbstractValidatingSessionManager - Enabling session validation scheduler...
16:59:30.474 [http-nio-80-exec-1] DEBUG com.ruoyi.framework.shiro.web.session.SpringSessionValidationScheduler - Scheduling session validation job using Spring Scheduler with session validation interval of [600000]ms...
16:59:30.483 [http-nio-80-exec-1] DEBUG com.ruoyi.framework.shiro.web.session.SpringSessionValidationScheduler - Session validation job successfully scheduled with Spring Scheduler.
16:59:30.489 [http-nio-80-exec-1] INFO  org.apache.shiro.cache.ehcache.EhCacheManager - Using existing EHCache named [shiro-activeSessionCache]
16:59:30.511 [http-nio-80-exec-1] DEBUG com.ruoyi.project.monitor.online.dao.IUserOnlineDao.selectOnlineById - ==>  Preparing: select * from sys_user_online where sessionid = ? 
16:59:30.514 [http-nio-80-exec-1] DEBUG com.ruoyi.project.monitor.online.dao.IUserOnlineDao.selectOnlineById - ==> Parameters: 3df751fc-059d-4521-86ec-756a89cc515a(String)
16:59:30.561 [http-nio-80-exec-1] DEBUG com.ruoyi.project.monitor.online.dao.IUserOnlineDao.selectOnlineById - <==      Total: 1
16:59:30.573 [http-nio-80-exec-1] DEBUG com.ruoyi.project.monitor.online.dao.IUserOnlineDao.selectOnlineById - ==>  Preparing: select * from sys_user_online where sessionid = ? 
16:59:30.575 [http-nio-80-exec-1] DEBUG com.ruoyi.project.monitor.online.dao.IUserOnlineDao.selectOnlineById - ==> Parameters: 3df751fc-059d-4521-86ec-756a89cc515a(String)
16:59:30.583 [http-nio-80-exec-1] DEBUG com.ruoyi.project.monitor.online.dao.IUserOnlineDao.selectOnlineById - <==      Total: 1
16:59:30.589 [http-nio-80-exec-1] DEBUG com.ruoyi.project.monitor.online.dao.IUserOnlineDao.selectOnlineById - ==>  Preparing: select * from sys_user_online where sessionid = ? 
16:59:30.592 [http-nio-80-exec-1] DEBUG com.ruoyi.project.monitor.online.dao.IUserOnlineDao.selectOnlineById - ==> Parameters: 3df751fc-059d-4521-86ec-756a89cc515a(String)
16:59:30.599 [http-nio-80-exec-1] DEBUG com.ruoyi.project.monitor.online.dao.IUserOnlineDao.selectOnlineById - <==      Total: 1
16:59:30.604 [http-nio-80-exec-1] DEBUG com.ruoyi.project.monitor.online.dao.IUserOnlineDao.selectOnlineById - ==>  Preparing: select * from sys_user_online where sessionid = ? 
16:59:30.605 [http-nio-80-exec-1] DEBUG com.ruoyi.project.monitor.online.dao.IUserOnlineDao.selectOnlineById - ==> Parameters: 3df751fc-059d-4521-86ec-756a89cc515a(String)
16:59:30.612 [http-nio-80-exec-1] DEBUG com.ruoyi.project.monitor.online.dao.IUserOnlineDao.selectOnlineById - <==      Total: 1
16:59:30.617 [http-nio-80-exec-1] DEBUG com.ruoyi.project.monitor.online.dao.IUserOnlineDao.selectOnlineById - ==>  Preparing: select * from sys_user_online where sessionid = ? 
16:59:30.618 [http-nio-80-exec-1] DEBUG com.ruoyi.project.monitor.online.dao.IUserOnlineDao.selectOnlineById - ==> Parameters: 3df751fc-059d-4521-86ec-756a89cc515a(String)
16:59:30.626 [http-nio-80-exec-1] DEBUG com.ruoyi.project.monitor.online.dao.IUserOnlineDao.selectOnlineById - <==      Total: 1
16:59:30.651 [http-nio-80-exec-1] DEBUG com.ruoyi.project.monitor.online.dao.IUserOnlineDao.selectOnlineById - ==>  Preparing: select * from sys_user_online where sessionid = ? 
16:59:30.653 [http-nio-80-exec-1] DEBUG com.ruoyi.project.monitor.online.dao.IUserOnlineDao.selectOnlineById - ==> Parameters: 3df751fc-059d-4521-86ec-756a89cc515a(String)
16:59:30.659 [http-nio-80-exec-1] DEBUG com.ruoyi.project.monitor.online.dao.IUserOnlineDao.selectOnlineById - <==      Total: 1
16:59:30.665 [http-nio-80-exec-1] DEBUG com.ruoyi.project.monitor.online.dao.IUserOnlineDao.selectOnlineById - ==>  Preparing: select * from sys_user_online where sessionid = ? 
16:59:30.667 [http-nio-80-exec-1] DEBUG com.ruoyi.project.monitor.online.dao.IUserOnlineDao.selectOnlineById - ==> Parameters: 3df751fc-059d-4521-86ec-756a89cc515a(String)
16:59:30.672 [http-nio-80-exec-1] DEBUG com.ruoyi.project.monitor.online.dao.IUserOnlineDao.selectOnlineById - <==      Total: 1
16:59:30.678 [http-nio-80-exec-1] DEBUG com.ruoyi.project.monitor.online.dao.IUserOnlineDao.selectOnlineById - ==>  Preparing: select * from sys_user_online where sessionid = ? 
16:59:30.679 [http-nio-80-exec-1] DEBUG com.ruoyi.project.monitor.online.dao.IUserOnlineDao.selectOnlineById - ==> Parameters: 3df751fc-059d-4521-86ec-756a89cc515a(String)
16:59:30.686 [http-nio-80-exec-1] DEBUG com.ruoyi.project.monitor.online.dao.IUserOnlineDao.selectOnlineById - <==      Total: 1
16:59:30.692 [http-nio-80-exec-1] DEBUG com.ruoyi.project.monitor.online.dao.IUserOnlineDao.selectOnlineById - ==>  Preparing: select * from sys_user_online where sessionid = ? 
16:59:30.694 [http-nio-80-exec-1] DEBUG com.ruoyi.project.monitor.online.dao.IUserOnlineDao.selectOnlineById - ==> Parameters: 3df751fc-059d-4521-86ec-756a89cc515a(String)
16:59:30.699 [http-nio-80-exec-1] DEBUG com.ruoyi.project.monitor.online.dao.IUserOnlineDao.selectOnlineById - <==      Total: 1
16:59:30.734 [http-nio-80-exec-1] DEBUG com.ruoyi.project.monitor.online.dao.IUserOnlineDao.selectOnlineById - ==>  Preparing: select * from sys_user_online where sessionid = ? 
16:59:30.735 [http-nio-80-exec-1] DEBUG com.ruoyi.project.monitor.online.dao.IUserOnlineDao.selectOnlineById - ==> Parameters: 3df751fc-059d-4521-86ec-756a89cc515a(String)
16:59:30.744 [http-nio-80-exec-1] DEBUG com.ruoyi.project.monitor.online.dao.IUserOnlineDao.selectOnlineById - <==      Total: 1
16:59:30.796 [http-nio-80-exec-1] DEBUG com.ruoyi.project.monitor.online.dao.IUserOnlineDao.selectOnlineById - ==>  Preparing: select * from sys_user_online where sessionid = ? 
16:59:30.798 [http-nio-80-exec-1] DEBUG com.ruoyi.project.monitor.online.dao.IUserOnlineDao.selectOnlineById - ==> Parameters: 3df751fc-059d-4521-86ec-756a89cc515a(String)
16:59:30.805 [http-nio-80-exec-1] DEBUG com.ruoyi.project.monitor.online.dao.IUserOnlineDao.selectOnlineById - <==      Total: 1
16:59:30.811 [http-nio-80-exec-1] DEBUG com.ruoyi.project.monitor.online.dao.IUserOnlineDao.deleteOnlineById - ==>  Preparing: delete from sys_user_online where sessionId = ? 
16:59:30.816 [http-nio-80-exec-1] DEBUG com.ruoyi.project.monitor.online.dao.IUserOnlineDao.deleteOnlineById - ==> Parameters: 3df751fc-059d-4521-86ec-756a89cc515a(String)
16:59:30.824 [http-nio-80-exec-1] DEBUG com.ruoyi.project.monitor.online.dao.IUserOnlineDao.deleteOnlineById - <==    Updates: 1
16:59:31.211 [http-nio-80-exec-2] INFO  org.thymeleaf.TemplateEngine - [THYMELEAF] INITIALIZING TEMPLATE ENGINE
16:59:31.484 [pool-3-thread-1] INFO  com.ruoyi.framework.shiro.web.session.OnlineWebSessionManager - invalidation sessions...
16:59:31.494 [http-nio-80-exec-2] INFO  org.thymeleaf.templateresolver.AbstractTemplateResolver - [THYMELEAF] INITIALIZING TEMPLATE RESOLVER: org.thymeleaf.spring4.templateresolver.SpringResourceTemplateResolver
16:59:31.496 [http-nio-80-exec-2] INFO  org.thymeleaf.templateresolver.AbstractTemplateResolver - [THYMELEAF] TEMPLATE RESOLVER INITIALIZED OK
16:59:31.497 [http-nio-80-exec-2] INFO  org.thymeleaf.messageresolver.AbstractMessageResolver - [THYMELEAF] INITIALIZING MESSAGE RESOLVER: org.thymeleaf.spring4.messageresolver.SpringMessageResolver
16:59:31.499 [http-nio-80-exec-2] INFO  org.thymeleaf.messageresolver.AbstractMessageResolver - [THYMELEAF] MESSAGE RESOLVER INITIALIZED OK
16:59:31.512 [http-nio-80-exec-2] INFO  org.thymeleaf.TemplateEngine.CONFIG - [THYMELEAF] TEMPLATE ENGINE CONFIGURATION:
[THYMELEAF] * Cache Factory implementation: [no caches]
[THYMELEAF] * Template modes:
[THYMELEAF]     * VALIDXHTML
[THYMELEAF]     * HTML5
[THYMELEAF]     * LEGACYHTML5
[THYMELEAF]     * XML
[THYMELEAF]     * VALIDXML
[THYMELEAF]     * XHTML
[THYMELEAF] * Template resolvers (in order):
[THYMELEAF]     * org.thymeleaf.spring4.templateresolver.SpringResourceTemplateResolver
[THYMELEAF] * Message resolvers (in order):
[THYMELEAF]     * org.thymeleaf.spring4.messageresolver.SpringMessageResolver
[THYMELEAF] * Dialect [1 of 3]: org.thymeleaf.spring4.dialect.SpringStandardDialect
[THYMELEAF]     * Prefix: "th"
[THYMELEAF] * Dialect [2 of 3]: at.pollux.thymeleaf.shiro.dialect.ShiroDialect
[THYMELEAF]     * Prefix: "shiro"
[THYMELEAF] * Dialect [3 of 3]: nz.net.ultraq.thymeleaf.LayoutDialect
[THYMELEAF]     * Prefix: "layout"
[THYMELEAF] TEMPLATE ENGINE CONFIGURED OK
16:59:31.513 [http-nio-80-exec-2] INFO  org.thymeleaf.TemplateEngine - [THYMELEAF] TEMPLATE ENGINE INITIALIZED
16:59:31.521 [pool-3-thread-1] DEBUG com.ruoyi.project.monitor.online.dao.IUserOnlineDao.selectOnlineByExpired - ==>  Preparing: SELECT * FROM sys_user_online o WHERE o.last_access_time <= ? ORDER BY o.last_access_time ASC 
16:59:31.529 [pool-3-thread-1] DEBUG com.ruoyi.project.monitor.online.dao.IUserOnlineDao.selectOnlineByExpired - ==> Parameters: 2018-05-04 16:29:31(String)
16:59:31.532 [pool-3-thread-1] DEBUG com.ruoyi.project.monitor.online.dao.IUserOnlineDao.selectOnlineByExpired - <==      Total: 0
16:59:31.535 [pool-3-thread-1] INFO  com.ruoyi.framework.shiro.web.session.OnlineWebSessionManager - Finished invalidation session. No sessions were stopped.
17:06:35.719 [http-nio-80-exec-8] DEBUG com.ruoyi.project.system.user.dao.IUserDao.selectUserByName - ==>  Preparing: select u.user_id, u.dept_id, u.login_name, u.user_name, u.email, u.phonenumber, u.password, u.salt, u.status, u.refuse_des, u.create_time, d.dept_id, d.parent_id, d.dept_name, d.order_num, d.status as dept_status from sys_user u left join sys_dept d on u.dept_id = d.dept_id left join sys_user_role ur on u.user_id = ur.user_id where u.login_name = ? 
17:06:35.809 [http-nio-80-exec-8] DEBUG com.ruoyi.project.system.user.dao.IUserDao.selectUserByName - ==> Parameters: admin(String)
17:06:36.168 [http-nio-80-exec-8] DEBUG com.ruoyi.project.system.user.dao.IUserDao.selectUserByName - <==      Total: 1
17:09:58.491 [pool-3-thread-1] INFO  com.ruoyi.framework.shiro.web.session.OnlineWebSessionManager - invalidation sessions...
17:10:45.536 [pool-3-thread-1] DEBUG com.ruoyi.project.monitor.online.dao.IUserOnlineDao.selectOnlineByExpired - ==>  Preparing: SELECT * FROM sys_user_online o WHERE o.last_access_time <= ? ORDER BY o.last_access_time ASC 
17:10:45.538 [pool-3-thread-1] DEBUG com.ruoyi.project.monitor.online.dao.IUserOnlineDao.selectOnlineByExpired - ==> Parameters: 2018-05-04 16:40:05(String)
17:10:45.547 [pool-3-thread-1] DEBUG com.ruoyi.project.monitor.online.dao.IUserOnlineDao.selectOnlineByExpired - <==      Total: 0
17:10:45.547 [pool-3-thread-1] INFO  com.ruoyi.framework.shiro.web.session.OnlineWebSessionManager - Finished invalidation session. No sessions were stopped.
17:11:07.415 [http-nio-80-exec-8] INFO  sys-user - [0:0:0:0:0:0:0:1][admin][Success][登录成功]
17:11:07.473 [http-nio-80-exec-8] DEBUG com.ruoyi.project.monitor.logininfor.dao.ILogininforDao.insertLogininfor - ==>  Preparing: insert into sys_logininfor (login_name, status, ipaddr, browser, os, msg) values (?, ?, ?, ?, ?, ?) 
17:11:07.512 [http-nio-80-exec-8] DEBUG com.ruoyi.project.monitor.logininfor.dao.ILogininforDao.insertLogininfor - ==> Parameters: admin(String), 0(String), 0:0:0:0:0:0:0:1(String), Chrome(String), Windows 10(String), 登录成功(String)
17:11:07.529 [http-nio-80-exec-8] DEBUG com.ruoyi.project.monitor.logininfor.dao.ILogininforDao.insertLogininfor - <==    Updates: 1
17:17:07.669 [http-nio-80-exec-8] DEBUG com.ruoyi.project.system.menu.dao.IMenuDao.selectMenusByUserId - ==>  Preparing: select distinct m.menu_id, m.parent_id, m.menu_name, m.url, m.perms , m.menu_type, m.icon, m.order_num, m.create_time from sys_menu m left join sys_role_menu rm on m.menu_id = rm.menu_id left join sys_user_role ur on rm.role_id = ur.role_id where ur.user_id = ? and m.menu_type in ('M', 'C') and m.visible = 0 order by m.order_num 
17:17:07.697 [http-nio-80-exec-8] DEBUG com.ruoyi.project.system.menu.dao.IMenuDao.selectMenusByUserId - ==> Parameters: 1(Long)
17:17:07.809 [http-nio-80-exec-8] DEBUG com.ruoyi.project.system.menu.dao.IMenuDao.selectMenusByUserId - <==      Total: 17
17:17:12.360 [http-nio-80-exec-8] DEBUG com.ruoyi.project.monitor.online.dao.IUserOnlineDao.saveOnline - ==>  Preparing: replace into sys_user_online(sessionId, login_name, dept_name, ipaddr, browser, os, status, start_timestsamp, last_access_time, expire_time) values (?, ?, ?, ?, ?, ?, ?, ?, ?, ?) 
17:17:12.863 [http-nio-80-exec-8] DEBUG com.ruoyi.project.monitor.online.dao.IUserOnlineDao.saveOnline - ==> Parameters: 4ae49084-7161-48cc-93ea-d9d391aa2da1(String), admin(String), 研发一部(String), 0:0:0:0:0:0:0:1(String), Chrome(String), Windows 10(String), on_line(String), 2018-05-04 17:11:06.75(Timestamp), 2018-05-04 17:17:12.352(Timestamp), 1800000(Long)
17:17:12.872 [http-nio-80-exec-8] DEBUG com.ruoyi.project.monitor.online.dao.IUserOnlineDao.saveOnline - <==    Updates: 1
17:19:31.484 [pool-3-thread-1] INFO  com.ruoyi.framework.shiro.web.session.OnlineWebSessionManager - invalidation sessions...
17:19:31.516 [pool-3-thread-1] DEBUG com.ruoyi.project.monitor.online.dao.IUserOnlineDao.selectOnlineByExpired - ==>  Preparing: SELECT * FROM sys_user_online o WHERE o.last_access_time <= ? ORDER BY o.last_access_time ASC 
17:19:31.519 [pool-3-thread-1] DEBUG com.ruoyi.project.monitor.online.dao.IUserOnlineDao.selectOnlineByExpired - ==> Parameters: 2018-05-04 16:49:31(String)
17:19:31.523 [pool-3-thread-1] DEBUG com.ruoyi.project.monitor.online.dao.IUserOnlineDao.selectOnlineByExpired - <==      Total: 0
17:19:31.528 [pool-3-thread-1] INFO  com.ruoyi.framework.shiro.web.session.OnlineWebSessionManager - Finished invalidation session. No sessions were stopped.
